# JRE version: OpenJDK Runtime Environment (8.0_152-b01) (build 1.8.0_152-release-1248-b01)
# Java VM: OpenJDK 64-Bit Server VM (25.152-b01 mixed mode windows-amd64 compressed oops)
Heap:
 PSYoungGen      total 151040K, used 115882K [0x00000000e0000000, 0x00000000ea680000, 0x0000000100000000)
  eden space 137728K, 74% used [0x00000000e0000000,0x00000000e642e4b8,0x00000000e8680000)
  from space 13312K, 99% used [0x00000000e9580000,0x00000000ea27c610,0x00000000ea280000)
  to   space 15360K, 0% used [0x00000000e8680000,0x00000000e8680000,0x00000000e9580000)
 ParOldGen       total 173568K, used 20124K [0x00000000a0000000, 0x00000000aa980000, 0x00000000e0000000)
  object space 173568K, 11% used [0x00000000a0000000,0x00000000a13a73c8,0x00000000aa980000)
 Metaspace       used 56690K, capacity 58422K, committed 58624K, reserved 1099776K
  class space    used 7710K, capacity 8153K, committed 8192K, reserved 1048576K
GC Heap History (10 events):
Event: 4.797 GC heap before
{Heap before GC invocations=6 (full 1):
 PSYoungGen      total 76288K, used 73292K [0x00000000e0000000, 0x00000000e7400000, 0x0000000100000000)
  eden space 65536K, 100% used [0x00000000e0000000,0x00000000e4000000,0x00000000e4000000)
  from space 10752K, 72% used [0x00000000e4a80000,0x00000000e5213040,0x00000000e5500000)
  to   space 10752K, 0% used [0x00000000e4000000,0x00000000e4000000,0x00000000e4a80000)
 ParOldGen       total 108032K, used 9167K [0x00000000a0000000, 0x00000000a6980000, 0x00000000e0000000)
  object space 108032K, 8% used [0x00000000a0000000,0x00000000a08f3c20,0x00000000a6980000)
 Metaspace       used 32359K, capacity 33056K, committed 33152K, reserved 1077248K
  class space    used 4425K, capacity 4676K, committed 4736K, reserved 1048576K
Event: 4.808 GC heap after
Heap after GC invocations=6 (full 1):
 PSYoungGen      total 76288K, used 10717K [0x00000000e0000000, 0x00000000e7800000, 0x0000000100000000)
  eden space 65536K, 0% used [0x00000000e0000000,0x00000000e0000000,0x00000000e4000000)
  from space 10752K, 99% used [0x00000000e4000000,0x00000000e4a77538,0x00000000e4a80000)
  to   space 12288K, 0% used [0x00000000e6c00000,0x00000000e6c00000,0x00000000e7800000)
 ParOldGen       total 108032K, used 9175K [0x00000000a0000000, 0x00000000a6980000, 0x00000000e0000000)
  object space 108032K, 8% used [0x00000000a0000000,0x00000000a08f5c20,0x00000000a6980000)
 Metaspace       used 32359K, capacity 33056K, committed 33152K, reserved 1077248K
  class space    used 4425K, capacity 4676K, committed 4736K, reserved 1048576K
}
Event: 5.447 GC heap before
{Heap before GC invocations=7 (full 1):
 PSYoungGen      total 76288K, used 54625K [0x00000000e0000000, 0x00000000e7800000, 0x0000000100000000)
  eden space 65536K, 66% used [0x00000000e0000000,0x00000000e2ae1228,0x00000000e4000000)
  from space 10752K, 99% used [0x00000000e4000000,0x00000000e4a77538,0x00000000e4a80000)
  to   space 12288K, 0% used [0x00000000e6c00000,0x00000000e6c00000,0x00000000e7800000)
 ParOldGen       total 108032K, used 9175K [0x00000000a0000000, 0x00000000a6980000, 0x00000000e0000000)
  object space 108032K, 8% used [0x00000000a0000000,0x00000000a08f5c20,0x00000000a6980000)
 Metaspace       used 34583K, capacity 35310K, committed 35416K, reserved 1079296K
  class space    used 4748K, capacity 5025K, committed 5120K, reserved 1048576K
Event: 5.455 GC heap after
Heap after GC invocations=7 (full 1):
 PSYoungGen      total 109568K, used 12031K [0x00000000e0000000, 0x00000000e7c00000, 0x0000000100000000)
  eden space 97280K, 0% used [0x00000000e0000000,0x00000000e0000000,0x00000000e5f00000)
  from space 12288K, 97% used [0x00000000e6c00000,0x00000000e77bfdf0,0x00000000e7800000)
  to   space 13312K, 0% used [0x00000000e5f00000,0x00000000e5f00000,0x00000000e6c00000)
 ParOldGen       total 108032K, used 9183K [0x00000000a0000000, 0x00000000a6980000, 0x00000000e0000000)
  object space 108032K, 8% used [0x00000000a0000000,0x00000000a08f7c20,0x00000000a6980000)
 Metaspace       used 34583K, capacity 35310K, committed 35416K, reserved 1079296K
  class space    used 4748K, capacity 5025K, committed 5120K, reserved 1048576K
}
Event: 5.456 GC heap before
{Heap before GC invocations=8 (full 2):
 PSYoungGen      total 109568K, used 12031K [0x00000000e0000000, 0x00000000e7c00000, 0x0000000100000000)
  eden space 97280K, 0% used [0x00000000e0000000,0x00000000e0000000,0x00000000e5f00000)
  from space 12288K, 97% used [0x00000000e6c00000,0x00000000e77bfdf0,0x00000000e7800000)
  to   space 13312K, 0% used [0x00000000e5f00000,0x00000000e5f00000,0x00000000e6c00000)
 ParOldGen       total 108032K, used 9183K [0x00000000a0000000, 0x00000000a6980000, 0x00000000e0000000)
  object space 108032K, 8% used [0x00000000a0000000,0x00000000a08f7c20,0x00000000a6980000)
 Metaspace       used 34583K, capacity 35310K, committed 35416K, reserved 1079296K
  class space    used 4748K, capacity 5025K, committed 5120K, reserved 1048576K
Event: 5.499 GC heap after
Heap after GC invocations=8 (full 2):
 PSYoungGen      total 109568K, used 0K [0x00000000e0000000, 0x00000000e7c00000, 0x0000000100000000)
  eden space 97280K, 0% used [0x00000000e0000000,0x00000000e0000000,0x00000000e5f00000)
  from space 12288K, 0% used [0x00000000e6c00000,0x00000000e6c00000,0x00000000e7800000)
  to   space 13312K, 0% used [0x00000000e5f00000,0x00000000e5f00000,0x00000000e6c00000)
 ParOldGen       total 173568K, used 18318K [0x00000000a0000000, 0x00000000aa980000, 0x00000000e0000000)
  object space 173568K, 10% used [0x00000000a0000000,0x00000000a11e38c8,0x00000000aa980000)
 Metaspace       used 34532K, capacity 35178K, committed 35416K, reserved 1079296K
  class space    used 4734K, capacity 4981K, committed 5120K, reserved 1048576K
}
Event: 6.382 GC heap before
{Heap before GC invocations=9 (full 2):
 PSYoungGen      total 109568K, used 97280K [0x00000000e0000000, 0x00000000e7c00000, 0x0000000100000000)
  eden space 97280K, 100% used [0x00000000e0000000,0x00000000e5f00000,0x00000000e5f00000)
  from space 12288K, 0% used [0x00000000e6c00000,0x00000000e6c00000,0x00000000e7800000)
  to   space 13312K, 0% used [0x00000000e5f00000,0x00000000e5f00000,0x00000000e6c00000)
 ParOldGen       total 173568K, used 18318K [0x00000000a0000000, 0x00000000aa980000, 0x00000000e0000000)
  object space 173568K, 10% used [0x00000000a0000000,0x00000000a11e38c8,0x00000000aa980000)
 Metaspace       used 42968K, capacity 43822K, committed 44032K, reserved 1087488K
  class space    used 5777K, capacity 6068K, committed 6144K, reserved 1048576K
Event: 6.392 GC heap after
Heap after GC invocations=9 (full 2):
 PSYoungGen      total 110592K, used 10807K [0x00000000e0000000, 0x00000000ea280000, 0x0000000100000000)
  eden space 97280K, 0% used [0x00000000e0000000,0x00000000e0000000,0x00000000e5f00000)
  from space 13312K, 81% used [0x00000000e5f00000,0x00000000e698dc90,0x00000000e6c00000)
  to   space 13312K, 0% used [0x00000000e9580000,0x00000000e9580000,0x00000000ea280000)
 ParOldGen       total 173568K, used 18326K [0x00000000a0000000, 0x00000000aa980000, 0x00000000e0000000)
  object space 173568K, 10% used [0x00000000a0000000,0x00000000a11e58c8,0x00000000aa980000)
 Metaspace       used 42968K, capacity 43822K, committed 44032K, reserved 1087488K
  class space    used 5777K, capacity 6068K, committed 6144K, reserved 1048576K
}
Event: 7.588 GC heap before
{Heap before GC invocations=10 (full 2):
 PSYoungGen      total 110592K, used 108087K [0x00000000e0000000, 0x00000000ea280000, 0x0000000100000000)
  eden space 97280K, 100% used [0x00000000e0000000,0x00000000e5f00000,0x00000000e5f00000)
  from space 13312K, 81% used [0x00000000e5f00000,0x00000000e698dc90,0x00000000e6c00000)
  to   space 13312K, 0% used [0x00000000e9580000,0x00000000e9580000,0x00000000ea280000)
 ParOldGen       total 173568K, used 18326K [0x00000000a0000000, 0x00000000aa980000, 0x00000000e0000000)
  object space 173568K, 10% used [0x00000000a0000000,0x00000000a11e58c8,0x00000000aa980000)
 Metaspace       used 50479K, capacity 51704K, committed 51968K, reserved 1093632K
  class space    used 6762K, capacity 7114K, committed 7168K, reserved 1048576K
Event: 7.600 GC heap after
Heap after GC invocations=10 (full 2):
 PSYoungGen      total 151040K, used 13297K [0x00000000e0000000, 0x00000000ea680000, 0x0000000100000000)
  eden space 137728K, 0% used [0x00000000e0000000,0x00000000e0000000,0x00000000e8680000)
  from space 13312K, 99% used [0x00000000e9580000,0x00000000ea27c610,0x00000000ea280000)
  to   space 15360K, 0% used [0x00000000e8680000,0x00000000e8680000,0x00000000e9580000)
 ParOldGen       total 173568K, used 20124K [0x00000000a0000000, 0x00000000aa980000, 0x00000000e0000000)
  object space 173568K, 11% used [0x00000000a0000000,0x00000000a13a73c8,0x00000000aa980000)
 Metaspace       used 50479K, capacity 51704K, committed 51968K, reserved 1093632K
  class space    used 6762K, capacity 7114K, committed 7168K, reserved 1048576K
}

