# JRE version: OpenJDK Runtime Environment (8.0_152-b02) (build 1.8.0_152-release-1024-b02)
# Java VM: OpenJDK 64-Bit Server VM (25.152-b02 mixed mode windows-amd64 compressed oops)
Heap:
 PSYoungGen      total 138240K, used 10092K [0x00000000e0000000, 0x00000000eb300000, 0x0000000100000000)
  eden space 127488K, 7% used [0x00000000e0000000,0x00000000e09db028,0x00000000e7c80000)
  from space 10752K, 0% used [0x00000000e7c80000,0x00000000e7c80000,0x00000000e8700000)
  to   space 14848K, 0% used [0x00000000ea480000,0x00000000ea480000,0x00000000eb300000)
 ParOldGen       total 102400K, used 20889K [0x00000000a0000000, 0x00000000a6400000, 0x00000000e0000000)
  object space 102400K, 20% used [0x00000000a0000000,0x00000000a14665c0,0x00000000a6400000)
 Metaspace       used 36218K, capacity 36966K, committed 37080K, reserved 1081344K
  class space    used 5009K, capacity 5304K, committed 5336K, reserved 1048576K
GC Heap History (10 events):
Event: 3.312 GC heap before
{Heap before GC invocations=3 (full 0):
 PSYoungGen      total 76288K, used 31993K [0x00000000e0000000, 0x00000000e9500000, 0x0000000100000000)
  eden space 65536K, 32% used [0x00000000e0000000,0x00000000e14eff30,0x00000000e4000000)
  from space 10752K, 98% used [0x00000000e4a80000,0x00000000e54ce590,0x00000000e5500000)
  to   space 10752K, 0% used [0x00000000e4000000,0x00000000e4000000,0x00000000e4a80000)
 ParOldGen       total 175104K, used 24K [0x00000000a0000000, 0x00000000aab00000, 0x00000000e0000000)
  object space 175104K, 0% used [0x00000000a0000000,0x00000000a0006000,0x00000000aab00000)
 Metaspace       used 20850K, capacity 21232K, committed 21248K, reserved 1067008K
  class space    used 2923K, capacity 3071K, committed 3072K, reserved 1048576K
Event: 3.324 GC heap after
Heap after GC invocations=3 (full 0):
 PSYoungGen      total 76288K, used 8925K [0x00000000e0000000, 0x00000000e9500000, 0x0000000100000000)
  eden space 65536K, 0% used [0x00000000e0000000,0x00000000e0000000,0x00000000e4000000)
  from space 10752K, 83% used [0x00000000e4000000,0x00000000e48b7760,0x00000000e4a80000)
  to   space 10752K, 0% used [0x00000000e8a80000,0x00000000e8a80000,0x00000000e9500000)
 ParOldGen       total 175104K, used 32K [0x00000000a0000000, 0x00000000aab00000, 0x00000000e0000000)
  object space 175104K, 0% used [0x00000000a0000000,0x00000000a0008000,0x00000000aab00000)
 Metaspace       used 20850K, capacity 21232K, committed 21248K, reserved 1067008K
  class space    used 2923K, capacity 3071K, committed 3072K, reserved 1048576K
}
Event: 3.324 GC heap before
{Heap before GC invocations=4 (full 1):
 PSYoungGen      total 76288K, used 8925K [0x00000000e0000000, 0x00000000e9500000, 0x0000000100000000)
  eden space 65536K, 0% used [0x00000000e0000000,0x00000000e0000000,0x00000000e4000000)
  from space 10752K, 83% used [0x00000000e4000000,0x00000000e48b7760,0x00000000e4a80000)
  to   space 10752K, 0% used [0x00000000e8a80000,0x00000000e8a80000,0x00000000e9500000)
 ParOldGen       total 175104K, used 32K [0x00000000a0000000, 0x00000000aab00000, 0x00000000e0000000)
  object space 175104K, 0% used [0x00000000a0000000,0x00000000a0008000,0x00000000aab00000)
 Metaspace       used 20850K, capacity 21232K, committed 21248K, reserved 1067008K
  class space    used 2923K, capacity 3071K, committed 3072K, reserved 1048576K
Event: 3.370 GC heap after
Heap after GC invocations=4 (full 1):
 PSYoungGen      total 76288K, used 0K [0x00000000e0000000, 0x00000000e9500000, 0x0000000100000000)
  eden space 65536K, 0% used [0x00000000e0000000,0x00000000e0000000,0x00000000e4000000)
  from space 10752K, 0% used [0x00000000e4000000,0x00000000e4000000,0x00000000e4a80000)
  to   space 10752K, 0% used [0x00000000e8a80000,0x00000000e8a80000,0x00000000e9500000)
 ParOldGen       total 102400K, used 8701K [0x00000000a0000000, 0x00000000a6400000, 0x00000000e0000000)
  object space 102400K, 8% used [0x00000000a0000000,0x00000000a087f710,0x00000000a6400000)
 Metaspace       used 20850K, capacity 21232K, committed 21248K, reserved 1067008K
  class space    used 2923K, capacity 3071K, committed 3072K, reserved 1048576K
}
Event: 4.250 GC heap before
{Heap before GC invocations=5 (full 1):
 PSYoungGen      total 76288K, used 65536K [0x00000000e0000000, 0x00000000e9500000, 0x0000000100000000)
  eden space 65536K, 100% used [0x00000000e0000000,0x00000000e4000000,0x00000000e4000000)
  from space 10752K, 0% used [0x00000000e4000000,0x00000000e4000000,0x00000000e4a80000)
  to   space 10752K, 0% used [0x00000000e8a80000,0x00000000e8a80000,0x00000000e9500000)
 ParOldGen       total 102400K, used 8701K [0x00000000a0000000, 0x00000000a6400000, 0x00000000e0000000)
  object space 102400K, 8% used [0x00000000a0000000,0x00000000a087f710,0x00000000a6400000)
 Metaspace       used 26398K, capacity 26912K, committed 27136K, reserved 1073152K
  class space    used 3633K, capacity 3805K, committed 3840K, reserved 1048576K
Event: 4.257 GC heap after
Heap after GC invocations=5 (full 1):
 PSYoungGen      total 108544K, used 6702K [0x00000000e0000000, 0x00000000e9180000, 0x0000000100000000)
  eden space 101376K, 0% used [0x00000000e0000000,0x00000000e0000000,0x00000000e6300000)
  from space 7168K, 93% used [0x00000000e8a80000,0x00000000e910b840,0x00000000e9180000)
  to   space 10752K, 0% used [0x00000000e7c80000,0x00000000e7c80000,0x00000000e8700000)
 ParOldGen       total 102400K, used 8709K [0x00000000a0000000, 0x00000000a6400000, 0x00000000e0000000)
  object space 102400K, 8% used [0x00000000a0000000,0x00000000a0881710,0x00000000a6400000)
 Metaspace       used 26398K, capacity 26912K, committed 27136K, reserved 1073152K
  class space    used 3633K, capacity 3805K, committed 3840K, reserved 1048576K
}
Event: 6.260 GC heap before
{Heap before GC invocations=6 (full 1):
 PSYoungGen      total 108544K, used 107846K [0x00000000e0000000, 0x00000000e9180000, 0x0000000100000000)
  eden space 101376K, 99% used [0x00000000e0000000,0x00000000e62c6170,0x00000000e6300000)
  from space 7168K, 93% used [0x00000000e8a80000,0x00000000e910b840,0x00000000e9180000)
  to   space 10752K, 0% used [0x00000000e7c80000,0x00000000e7c80000,0x00000000e8700000)
 ParOldGen       total 102400K, used 8709K [0x00000000a0000000, 0x00000000a6400000, 0x00000000e0000000)
  object space 102400K, 8% used [0x00000000a0000000,0x00000000a0881710,0x00000000a6400000)
 Metaspace       used 34541K, capacity 35282K, committed 35416K, reserved 1079296K
  class space    used 4842K, capacity 5128K, committed 5208K, reserved 1048576K
Event: 6.279 GC heap after
Heap after GC invocations=6 (full 1):
 PSYoungGen      total 138240K, used 10720K [0x00000000e0000000, 0x00000000eb300000, 0x0000000100000000)
  eden space 127488K, 0% used [0x00000000e0000000,0x00000000e0000000,0x00000000e7c80000)
  from space 10752K, 99% used [0x00000000e7c80000,0x00000000e86f8030,0x00000000e8700000)
  to   space 14848K, 0% used [0x00000000ea480000,0x00000000ea480000,0x00000000eb300000)
 ParOldGen       total 102400K, used 12486K [0x00000000a0000000, 0x00000000a6400000, 0x00000000e0000000)
  object space 102400K, 12% used [0x00000000a0000000,0x00000000a0c319f8,0x00000000a6400000)
 Metaspace       used 34541K, capacity 35282K, committed 35416K, reserved 1079296K
  class space    used 4842K, capacity 5128K, committed 5208K, reserved 1048576K
}
Event: 6.279 GC heap before
{Heap before GC invocations=7 (full 2):
 PSYoungGen      total 138240K, used 10720K [0x00000000e0000000, 0x00000000eb300000, 0x0000000100000000)
  eden space 127488K, 0% used [0x00000000e0000000,0x00000000e0000000,0x00000000e7c80000)
  from space 10752K, 99% used [0x00000000e7c80000,0x00000000e86f8030,0x00000000e8700000)
  to   space 14848K, 0% used [0x00000000ea480000,0x00000000ea480000,0x00000000eb300000)
 ParOldGen       total 102400K, used 12486K [0x00000000a0000000, 0x00000000a6400000, 0x00000000e0000000)
  object space 102400K, 12% used [0x00000000a0000000,0x00000000a0c319f8,0x00000000a6400000)
 Metaspace       used 34541K, capacity 35282K, committed 35416K, reserved 1079296K
  class space    used 4842K, capacity 5128K, committed 5208K, reserved 1048576K
Event: 6.343 GC heap after
Heap after GC invocations=7 (full 2):
 PSYoungGen      total 138240K, used 0K [0x00000000e0000000, 0x00000000eb300000, 0x0000000100000000)
  eden space 127488K, 0% used [0x00000000e0000000,0x00000000e0000000,0x00000000e7c80000)
  from space 10752K, 0% used [0x00000000e7c80000,0x00000000e7c80000,0x00000000e8700000)
  to   space 14848K, 0% used [0x00000000ea480000,0x00000000ea480000,0x00000000eb300000)
 ParOldGen       total 102400K, used 20889K [0x00000000a0000000, 0x00000000a6400000, 0x00000000e0000000)
  object space 102400K, 20% used [0x00000000a0000000,0x00000000a14665c0,0x00000000a6400000)
 Metaspace       used 34541K, capacity 35282K, committed 35416K, reserved 1079296K
  class space    used 4842K, capacity 5128K, committed 5208K, reserved 1048576K
}

