# JRE version: OpenJDK Runtime Environment (8.0_152-b02) (build 1.8.0_152-release-1024-b02)
# Java VM: OpenJDK 64-Bit Server VM (25.152-b02 mixed mode windows-amd64 compressed oops)
Heap:
 PSYoungGen      total 110592K, used 35541K [0x00000000e0000000, 0x00000000e7a00000, 0x0000000100000000)
  eden space 97792K, 24% used [0x00000000e0000000,0x00000000e17b8eb8,0x00000000e5f80000)
  from space 12800K, 87% used [0x00000000e5f80000,0x00000000e6a7c8c0,0x00000000e6c00000)
  to   space 12288K, 0% used [0x00000000e6c00000,0x00000000e6c00000,0x00000000e7800000)
 ParOldGen       total 168960K, used 17856K [0x00000000a0000000, 0x00000000aa500000, 0x00000000e0000000)
  object space 168960K, 10% used [0x00000000a0000000,0x00000000a1170268,0x00000000aa500000)
 Metaspace       used 42910K, capacity 43928K, committed 44160K, reserved 1087488K
  class space    used 5912K, capacity 6200K, committed 6272K, reserved 1048576K
GC Heap History (10 events):
Event: 3.758 GC heap before
{Heap before GC invocations=5 (full 1):
 PSYoungGen      total 76288K, used 65536K [0x00000000e0000000, 0x00000000e5500000, 0x0000000100000000)
  eden space 65536K, 100% used [0x00000000e0000000,0x00000000e4000000,0x00000000e4000000)
  from space 10752K, 0% used [0x00000000e4000000,0x00000000e4000000,0x00000000e4a80000)
  to   space 10752K, 0% used [0x00000000e4a80000,0x00000000e4a80000,0x00000000e5500000)
 ParOldGen       total 104448K, used 8472K [0x00000000a0000000, 0x00000000a6600000, 0x00000000e0000000)
  object space 104448K, 8% used [0x00000000a0000000,0x00000000a0846050,0x00000000a6600000)
 Metaspace       used 26032K, capacity 26528K, committed 26624K, reserved 1073152K
  class space    used 3631K, capacity 3805K, committed 3840K, reserved 1048576K
Event: 3.763 GC heap after
Heap after GC invocations=5 (full 1):
 PSYoungGen      total 76288K, used 6841K [0x00000000e0000000, 0x00000000e7600000, 0x0000000100000000)
  eden space 65536K, 0% used [0x00000000e0000000,0x00000000e0000000,0x00000000e4000000)
  from space 10752K, 63% used [0x00000000e4a80000,0x00000000e512e6e8,0x00000000e5500000)
  to   space 10752K, 0% used [0x00000000e4000000,0x00000000e4000000,0x00000000e4a80000)
 ParOldGen       total 104448K, used 8480K [0x00000000a0000000, 0x00000000a6600000, 0x00000000e0000000)
  object space 104448K, 8% used [0x00000000a0000000,0x00000000a0848050,0x00000000a6600000)
 Metaspace       used 26032K, capacity 26528K, committed 26624K, reserved 1073152K
  class space    used 3631K, capacity 3805K, committed 3840K, reserved 1048576K
}
Event: 4.528 GC heap before
{Heap before GC invocations=6 (full 1):
 PSYoungGen      total 76288K, used 72377K [0x00000000e0000000, 0x00000000e7600000, 0x0000000100000000)
  eden space 65536K, 100% used [0x00000000e0000000,0x00000000e4000000,0x00000000e4000000)
  from space 10752K, 63% used [0x00000000e4a80000,0x00000000e512e6e8,0x00000000e5500000)
  to   space 10752K, 0% used [0x00000000e4000000,0x00000000e4000000,0x00000000e4a80000)
 ParOldGen       total 104448K, used 8480K [0x00000000a0000000, 0x00000000a6600000, 0x00000000e0000000)
  object space 104448K, 8% used [0x00000000a0000000,0x00000000a0848050,0x00000000a6600000)
 Metaspace       used 30245K, capacity 30896K, committed 31104K, reserved 1075200K
  class space    used 4248K, capacity 4449K, committed 4480K, reserved 1048576K
Event: 4.534 GC heap after
Heap after GC invocations=6 (full 1):
 PSYoungGen      total 76288K, used 10249K [0x00000000e0000000, 0x00000000e7800000, 0x0000000100000000)
  eden space 65536K, 0% used [0x00000000e0000000,0x00000000e0000000,0x00000000e4000000)
  from space 10752K, 95% used [0x00000000e4000000,0x00000000e4a026c0,0x00000000e4a80000)
  to   space 12288K, 0% used [0x00000000e6c00000,0x00000000e6c00000,0x00000000e7800000)
 ParOldGen       total 104448K, used 8488K [0x00000000a0000000, 0x00000000a6600000, 0x00000000e0000000)
  object space 104448K, 8% used [0x00000000a0000000,0x00000000a084a050,0x00000000a6600000)
 Metaspace       used 30245K, capacity 30896K, committed 31104K, reserved 1075200K
  class space    used 4248K, capacity 4449K, committed 4480K, reserved 1048576K
}
Event: 5.226 GC heap before
{Heap before GC invocations=7 (full 1):
 PSYoungGen      total 76288K, used 45210K [0x00000000e0000000, 0x00000000e7800000, 0x0000000100000000)
  eden space 65536K, 53% used [0x00000000e0000000,0x00000000e2224388,0x00000000e4000000)
  from space 10752K, 95% used [0x00000000e4000000,0x00000000e4a026c0,0x00000000e4a80000)
  to   space 12288K, 0% used [0x00000000e6c00000,0x00000000e6c00000,0x00000000e7800000)
 ParOldGen       total 104448K, used 8488K [0x00000000a0000000, 0x00000000a6600000, 0x00000000e0000000)
  object space 104448K, 8% used [0x00000000a0000000,0x00000000a084a050,0x00000000a6600000)
 Metaspace       used 34598K, capacity 35314K, committed 35416K, reserved 1079296K
  class space    used 4836K, capacity 5096K, committed 5120K, reserved 1048576K
Event: 5.236 GC heap after
Heap after GC invocations=7 (full 1):
 PSYoungGen      total 110080K, used 11299K [0x00000000e0000000, 0x00000000e7a00000, 0x0000000100000000)
  eden space 97792K, 0% used [0x00000000e0000000,0x00000000e0000000,0x00000000e5f80000)
  from space 12288K, 91% used [0x00000000e6c00000,0x00000000e7708f88,0x00000000e7800000)
  to   space 12800K, 0% used [0x00000000e5f80000,0x00000000e5f80000,0x00000000e6c00000)
 ParOldGen       total 104448K, used 8496K [0x00000000a0000000, 0x00000000a6600000, 0x00000000e0000000)
  object space 104448K, 8% used [0x00000000a0000000,0x00000000a084c050,0x00000000a6600000)
 Metaspace       used 34598K, capacity 35314K, committed 35416K, reserved 1079296K
  class space    used 4836K, capacity 5096K, committed 5120K, reserved 1048576K
}
Event: 5.236 GC heap before
{Heap before GC invocations=8 (full 2):
 PSYoungGen      total 110080K, used 11299K [0x00000000e0000000, 0x00000000e7a00000, 0x0000000100000000)
  eden space 97792K, 0% used [0x00000000e0000000,0x00000000e0000000,0x00000000e5f80000)
  from space 12288K, 91% used [0x00000000e6c00000,0x00000000e7708f88,0x00000000e7800000)
  to   space 12800K, 0% used [0x00000000e5f80000,0x00000000e5f80000,0x00000000e6c00000)
 ParOldGen       total 104448K, used 8496K [0x00000000a0000000, 0x00000000a6600000, 0x00000000e0000000)
  object space 104448K, 8% used [0x00000000a0000000,0x00000000a084c050,0x00000000a6600000)
 Metaspace       used 34598K, capacity 35314K, committed 35416K, reserved 1079296K
  class space    used 4836K, capacity 5096K, committed 5120K, reserved 1048576K
Event: 5.284 GC heap after
Heap after GC invocations=8 (full 2):
 PSYoungGen      total 110080K, used 0K [0x00000000e0000000, 0x00000000e7a00000, 0x0000000100000000)
  eden space 97792K, 0% used [0x00000000e0000000,0x00000000e0000000,0x00000000e5f80000)
  from space 12288K, 0% used [0x00000000e6c00000,0x00000000e6c00000,0x00000000e7800000)
  to   space 12800K, 0% used [0x00000000e5f80000,0x00000000e5f80000,0x00000000e6c00000)
 ParOldGen       total 168960K, used 17848K [0x00000000a0000000, 0x00000000aa500000, 0x00000000e0000000)
  object space 168960K, 10% used [0x00000000a0000000,0x00000000a116e268,0x00000000aa500000)
 Metaspace       used 34598K, capacity 35314K, committed 35416K, reserved 1079296K
  class space    used 4836K, capacity 5096K, committed 5120K, reserved 1048576K
}
Event: 6.250 GC heap before
{Heap before GC invocations=9 (full 2):
 PSYoungGen      total 110080K, used 97792K [0x00000000e0000000, 0x00000000e7a00000, 0x0000000100000000)
  eden space 97792K, 100% used [0x00000000e0000000,0x00000000e5f80000,0x00000000e5f80000)
  from space 12288K, 0% used [0x00000000e6c00000,0x00000000e6c00000,0x00000000e7800000)
  to   space 12800K, 0% used [0x00000000e5f80000,0x00000000e5f80000,0x00000000e6c00000)
 ParOldGen       total 168960K, used 17848K [0x00000000a0000000, 0x00000000aa500000, 0x00000000e0000000)
  object space 168960K, 10% used [0x00000000a0000000,0x00000000a116e268,0x00000000aa500000)
 Metaspace       used 40975K, capacity 41894K, committed 41984K, reserved 1085440K
  class space    used 5614K, capacity 5870K, committed 5888K, reserved 1048576K
Event: 6.262 GC heap after
Heap after GC invocations=9 (full 2):
 PSYoungGen      total 110592K, used 11250K [0x00000000e0000000, 0x00000000e7a00000, 0x0000000100000000)
  eden space 97792K, 0% used [0x00000000e0000000,0x00000000e0000000,0x00000000e5f80000)
  from space 12800K, 87% used [0x00000000e5f80000,0x00000000e6a7c8c0,0x00000000e6c00000)
  to   space 12288K, 0% used [0x00000000e6c00000,0x00000000e6c00000,0x00000000e7800000)
 ParOldGen       total 168960K, used 17856K [0x00000000a0000000, 0x00000000aa500000, 0x00000000e0000000)
  object space 168960K, 10% used [0x00000000a0000000,0x00000000a1170268,0x00000000aa500000)
 Metaspace       used 40975K, capacity 41894K, committed 41984K, reserved 1085440K
  class space    used 5614K, capacity 5870K, committed 5888K, reserved 1048576K
}

